<?xml version="1.0" encoding="UTF-8"?>
<!-- Generated by org.testng.reporters.JUnitReportReporter -->
<testsuite hostname="DESKTOP-DJM4LND" failures="0" tests="1" name="StepDefinition.TestRunner" time="12.955" errors="0" timestamp="2022-06-13T21:19:52 IST" skipped="0">
  <testcase classname="StepDefinition.TestRunner" name="runScenario" time="12.955"/>
  <system-out/>
</testsuite> <!-- StepDefinition.TestRunner -->
